[    38.478] (WW) Failed to open protocol names file lib/xorg/protocol.txt
[    38.478] 
X.Org X Server 1.20.8
X Protocol Version 11, Revision 0
[    38.478] Build Operating System: Linux Arch Linux
[    38.478] Current Operating System: Linux arch 5.6.4-arch1-1 #1 SMP PREEMPT Mon, 13 Apr 2020 12:21:19 +0000 x86_64
[    38.478] Kernel command line: BOOT_IMAGE=/vmlinuz-linux root=UUID=b68679fa-48e1-4ac4-b680-eb972e7aebd3 rw loglevel=3 quiet
[    38.479] Build Date: 30 March 2020  05:05:45AM
[    38.479]  
[    38.479] Current version of pixman: 0.38.4
[    38.479] 	Before reporting problems, check http://wiki.x.org
	to make sure that you have the latest version.
[    38.479] Markers: (--) probed, (**) from config file, (==) default setting,
	(++) from command line, (!!) notice, (II) informational,
	(WW) warning, (EE) error, (NI) not implemented, (??) unknown.
[    38.479] (==) Log file: "/home/will/.local/share/xorg/Xorg.0.log", Time: Sun Apr 19 15:36:02 2020
[    38.481] (==) Using config directory: "/etc/X11/xorg.conf.d"
[    38.481] (==) Using system config directory "/usr/share/X11/xorg.conf.d"
[    38.482] (==) No Layout section.  Using the first Screen section.
[    38.482] (==) No screen section available. Using defaults.
[    38.482] (**) |-->Screen "Default Screen Section" (0)
[    38.482] (**) |   |-->Monitor "<default monitor>"
[    38.482] (==) No monitor specified for screen "Default Screen Section".
	Using a default monitor configuration.
[    38.482] (==) Automatically adding devices
[    38.482] (==) Automatically enabling devices
[    38.482] (==) Automatically adding GPU devices
[    38.482] (==) Automatically binding GPU devices
[    38.482] (==) Max clients allowed: 256, resource mask: 0x1fffff
[    38.483] (WW) `fonts.dir' not found (or not valid) in "/usr/share/fonts/misc".
[    38.483] 	Entry deleted from font path.
[    38.483] 	(Run 'mkfontdir' on "/usr/share/fonts/misc").
[    38.484] (WW) The directory "/usr/share/fonts/OTF" does not exist.
[    38.484] 	Entry deleted from font path.
[    38.484] (WW) The directory "/usr/share/fonts/Type1" does not exist.
[    38.484] 	Entry deleted from font path.
[    38.487] (==) FontPath set to:
	/usr/share/fonts/TTF,
	/usr/share/fonts/100dpi,
	/usr/share/fonts/75dpi
[    38.487] (==) ModulePath set to "/usr/lib/xorg/modules"
[    38.487] (II) The server relies on udev to provide the list of input devices.
	If no devices become available, reconfigure udev or disable AutoAddDevices.
[    38.487] (II) Module ABI versions:
[    38.487] 	X.Org ANSI C Emulation: 0.4
[    38.487] 	X.Org Video Driver: 24.1
[    38.487] 	X.Org XInput driver : 24.1
[    38.487] 	X.Org Server Extension : 10.0
[    38.487] (++) using VT number 1

[    38.488] (II) systemd-logind: took control of session /org/freedesktop/login1/session/_31
[    38.489] (II) xfree86: Adding drm device (/dev/dri/card0)
[    38.489] (II) systemd-logind: got fd for /dev/dri/card0 226:0 fd 10 paused 0
[    38.492] (--) PCI:*(28@0:0:0) 1002:67df:1682:c580 rev 231, Mem @ 0xe0000000/268435456, 0xf0000000/2097152, 0xfe900000/262144, I/O @ 0x0000e000/256, BIOS @ 0x????????/131072
[    38.492] (WW) Open ACPI failed (/var/run/acpid.socket) (No such file or directory)
[    38.492] (II) LoadModule: "glx"
[    38.492] (II) Loading /usr/lib/xorg/modules/extensions/libglx.so
[    38.498] (II) Module glx: vendor="X.Org Foundation"
[    38.498] 	compiled for 1.20.8, module version = 1.0.0
[    38.498] 	ABI class: X.Org Server Extension, version 10.0
[    38.498] (II) Applying OutputClass "AMDgpu" to /dev/dri/card0
[    38.498] 	loading driver: amdgpu
[    38.498] (==) Matched amdgpu as autoconfigured driver 0
[    38.498] (==) Matched ati as autoconfigured driver 1
[    38.498] (==) Matched modesetting as autoconfigured driver 2
[    38.498] (==) Matched fbdev as autoconfigured driver 3
[    38.498] (==) Matched vesa as autoconfigured driver 4
[    38.498] (==) Assigned the driver to the xf86ConfigLayout
[    38.498] (II) LoadModule: "amdgpu"
[    38.498] (II) Loading /usr/lib/xorg/modules/drivers/amdgpu_drv.so
[    38.501] (II) Module amdgpu: vendor="X.Org Foundation"
[    38.501] 	compiled for 1.20.5, module version = 19.1.0
[    38.501] 	Module class: X.Org Video Driver
[    38.501] 	ABI class: X.Org Video Driver, version 24.0
[    38.501] (II) LoadModule: "ati"
[    38.501] (WW) Warning, couldn't open module ati
[    38.501] (EE) Failed to load module "ati" (module does not exist, 0)
[    38.501] (II) LoadModule: "modesetting"
[    38.501] (II) Loading /usr/lib/xorg/modules/drivers/modesetting_drv.so
[    38.502] (II) Module modesetting: vendor="X.Org Foundation"
[    38.502] 	compiled for 1.20.8, module version = 1.20.8
[    38.502] 	Module class: X.Org Video Driver
[    38.502] 	ABI class: X.Org Video Driver, version 24.1
[    38.502] (II) LoadModule: "fbdev"
[    38.502] (WW) Warning, couldn't open module fbdev
[    38.502] (EE) Failed to load module "fbdev" (module does not exist, 0)
[    38.502] (II) LoadModule: "vesa"
[    38.502] (II) Loading /usr/lib/xorg/modules/drivers/vesa_drv.so
[    38.502] (II) Module vesa: vendor="X.Org Foundation"
[    38.502] 	compiled for 1.20.0, module version = 2.4.0
[    38.502] 	Module class: X.Org Video Driver
[    38.502] 	ABI class: X.Org Video Driver, version 24.0
[    38.502] (II) AMDGPU: Driver for AMD Radeon:
	All GPUs supported by the amdgpu kernel driver
[    38.502] (II) modesetting: Driver for Modesetting Kernel Drivers: kms
[    38.502] (II) VESA: driver for VESA chipsets: vesa
[    38.502] xf86EnableIOPorts: failed to set IOPL for I/O (Operation not permitted)
[    38.502] (WW) Falling back to old probe method for modesetting
[    38.503] (WW) VGA arbiter: cannot open kernel arbiter, no multi-card support
[    38.503] (II) AMDGPU(0): Creating default Display subsection in Screen section
	"Default Screen Section" for depth/fbbpp 24/32
[    38.503] (==) AMDGPU(0): Depth 24, (--) framebuffer bpp 32
[    38.503] (II) AMDGPU(0): Pixel depth = 24 bits stored in 4 bytes (32 bpp pixmaps)
[    38.503] (==) AMDGPU(0): Default visual is TrueColor
[    38.503] (==) AMDGPU(0): RGB weight 888
[    38.503] (II) AMDGPU(0): Using 8 bits per RGB (8 bit DAC)
[    38.503] (--) AMDGPU(0): Chipset: "Radeon RX 580 Series" (ChipID = 0x67df)
[    38.503] (II) Loading sub module "fb"
[    38.503] (II) LoadModule: "fb"
[    38.503] (II) Loading /usr/lib/xorg/modules/libfb.so
[    38.503] (II) Module fb: vendor="X.Org Foundation"
[    38.503] 	compiled for 1.20.8, module version = 1.0.0
[    38.503] 	ABI class: X.Org ANSI C Emulation, version 0.4
[    38.503] (II) Loading sub module "dri2"
[    38.503] (II) LoadModule: "dri2"
[    38.503] (II) Module "dri2" already built-in
[    38.660] (II) Loading sub module "glamoregl"
[    38.660] (II) LoadModule: "glamoregl"
[    38.660] (II) Loading /usr/lib/xorg/modules/libglamoregl.so
[    38.665] (II) Module glamoregl: vendor="X.Org Foundation"
[    38.665] 	compiled for 1.20.8, module version = 1.0.1
[    38.665] 	ABI class: X.Org ANSI C Emulation, version 0.4
[    38.685] (II) AMDGPU(0): glamor X acceleration enabled on Radeon RX 580 Series (POLARIS10, DRM 3.36.0, 5.6.4-arch1-1, LLVM 9.0.1)
[    38.685] (II) AMDGPU(0): glamor detected, initialising EGL layer.
[    38.685] (==) AMDGPU(0): TearFree property default: auto
[    38.685] (==) AMDGPU(0): VariableRefresh: disabled
[    38.685] (II) AMDGPU(0): KMS Pageflipping: enabled
[    38.685] (II) AMDGPU(0): Output DisplayPort-0 has no monitor section
[    38.685] (II) AMDGPU(0): Output DisplayPort-1 has no monitor section
[    38.685] (II) AMDGPU(0): Output DisplayPort-2 has no monitor section
[    38.685] (II) AMDGPU(0): Output HDMI-A-0 using monitor section HDMI-A-0
[    38.685] (**) AMDGPU(0): Option "Primary" "true"
[    38.686] (II) AMDGPU(0): Output DVI-D-0 using monitor section DVI-D-0
[    38.686] (**) AMDGPU(0): Option "RightOf" "HDMI-A-0"
[    38.703] (II) AMDGPU(0): EDID for output HDMI-A-0
[    38.703] (II) AMDGPU(0): Manufacturer: AUS  Model: 24a1  Serial#: 16843009
[    38.703] (II) AMDGPU(0): Year: 2018  Week: 51
[    38.703] (II) AMDGPU(0): EDID Version: 1.3
[    38.703] (II) AMDGPU(0): Digital Display Input
[    38.703] (II) AMDGPU(0): Max Image Size [cm]: horiz.: 53  vert.: 30
[    38.703] (II) AMDGPU(0): Gamma: 2.20
[    38.703] (II) AMDGPU(0): DPMS capabilities: StandBy Suspend Off
[    38.703] (II) AMDGPU(0): Supported color encodings: RGB 4:4:4 YCrCb 4:4:4 
[    38.703] (II) AMDGPU(0): First detailed timing is preferred mode
[    38.703] (II) AMDGPU(0): redX: 0.645 redY: 0.332   greenX: 0.315 greenY: 0.619
[    38.703] (II) AMDGPU(0): blueX: 0.151 blueY: 0.065   whiteX: 0.313 whiteY: 0.329
[    38.703] (II) AMDGPU(0): Supported established timings:
[    38.703] (II) AMDGPU(0): 720x400@70Hz
[    38.703] (II) AMDGPU(0): 640x480@60Hz
[    38.703] (II) AMDGPU(0): 640x480@67Hz
[    38.703] (II) AMDGPU(0): 640x480@72Hz
[    38.703] (II) AMDGPU(0): 640x480@75Hz
[    38.703] (II) AMDGPU(0): 800x600@56Hz
[    38.703] (II) AMDGPU(0): 800x600@60Hz
[    38.703] (II) AMDGPU(0): 800x600@72Hz
[    38.703] (II) AMDGPU(0): 800x600@75Hz
[    38.703] (II) AMDGPU(0): 832x624@75Hz
[    38.703] (II) AMDGPU(0): 1024x768@60Hz
[    38.703] (II) AMDGPU(0): 1024x768@70Hz
[    38.703] (II) AMDGPU(0): 1024x768@75Hz
[    38.703] (II) AMDGPU(0): 1280x1024@75Hz
[    38.703] (II) AMDGPU(0): Manufacturer's mask: 0
[    38.703] (II) AMDGPU(0): Supported standard timings:
[    38.703] (II) AMDGPU(0): #0: hsize: 1152  vsize 864  refresh: 75  vid: 20337
[    38.703] (II) AMDGPU(0): #1: hsize: 1280  vsize 1024  refresh: 60  vid: 32897
[    38.703] (II) AMDGPU(0): #2: hsize: 1280  vsize 960  refresh: 60  vid: 16513
[    38.703] (II) AMDGPU(0): #3: hsize: 1440  vsize 900  refresh: 60  vid: 149
[    38.703] (II) AMDGPU(0): #4: hsize: 1600  vsize 1200  refresh: 60  vid: 16553
[    38.703] (II) AMDGPU(0): #5: hsize: 1680  vsize 1050  refresh: 60  vid: 179
[    38.703] (II) AMDGPU(0): #6: hsize: 1920  vsize 1080  refresh: 75  vid: 53201
[    38.703] (II) AMDGPU(0): Supported detailed timing:
[    38.703] (II) AMDGPU(0): clock: 148.5 MHz   Image Size:  531 x 299 mm
[    38.703] (II) AMDGPU(0): h_active: 1920  h_sync: 2008  h_sync_end 2052 h_blank_end 2200 h_border: 0
[    38.703] (II) AMDGPU(0): v_active: 1080  v_sync: 1084  v_sync_end 1089 v_blanking: 1125 v_border: 0
[    38.703] (II) AMDGPU(0): Ranges: V min: 40 V max: 75 Hz, H min: 30 H max: 90 kHz, PixClock max 255 MHz
[    38.703] (II) AMDGPU(0): Monitor name: VG245
[    38.703] (II) AMDGPU(0): Serial No: JCLMQS120502
[    38.703] (II) AMDGPU(0): Supported detailed timing:
[    38.703] (II) AMDGPU(0): clock: 148.5 MHz   Image Size:  531 x 299 mm
[    38.703] (II) AMDGPU(0): h_active: 1920  h_sync: 2008  h_sync_end 2052 h_blank_end 2200 h_border: 0
[    38.703] (II) AMDGPU(0): v_active: 1080  v_sync: 1084  v_sync_end 1089 v_blanking: 1125 v_border: 0
[    38.703] (II) AMDGPU(0): Supported detailed timing:
[    38.703] (II) AMDGPU(0): clock: 85.5 MHz   Image Size:  531 x 299 mm
[    38.703] (II) AMDGPU(0): h_active: 1366  h_sync: 1436  h_sync_end 1579 h_blank_end 1792 h_border: 0
[    38.703] (II) AMDGPU(0): v_active: 768  v_sync: 771  v_sync_end 774 v_blanking: 798 v_border: 0
[    38.703] (II) AMDGPU(0): Supported detailed timing:
[    38.703] (II) AMDGPU(0): clock: 74.2 MHz   Image Size:  531 x 299 mm
[    38.703] (II) AMDGPU(0): h_active: 1280  h_sync: 1390  h_sync_end 1430 h_blank_end 1650 h_border: 0
[    38.703] (II) AMDGPU(0): v_active: 720  v_sync: 725  v_sync_end 730 v_blanking: 750 v_border: 0
[    38.703] (II) AMDGPU(0): Supported detailed timing:
[    38.703] (II) AMDGPU(0): clock: 27.0 MHz   Image Size:  531 x 299 mm
[    38.703] (II) AMDGPU(0): h_active: 720  h_sync: 736  h_sync_end 798 h_blank_end 858 h_border: 0
[    38.703] (II) AMDGPU(0): v_active: 480  v_sync: 489  v_sync_end 495 v_blanking: 525 v_border: 0
[    38.703] (II) AMDGPU(0): Number of EDID sections to follow: 1
[    38.703] (II) AMDGPU(0): EDID (in hex):
[    38.703] (II) AMDGPU(0): 	00ffffffffffff0006b3a12401010101
[    38.703] (II) AMDGPU(0): 	331c010380351e78ea0ef5a555509e26
[    38.703] (II) AMDGPU(0): 	105054bfef00714f818081409500a940
[    38.703] (II) AMDGPU(0): 	b300d1cf0101023a801871382d40582c
[    38.703] (II) AMDGPU(0): 	4500132b2100001e000000fd00284b1e
[    38.703] (II) AMDGPU(0): 	5a19000a202020202020000000fc0056
[    38.703] (II) AMDGPU(0): 	473234350a20202020202020000000ff
[    38.703] (II) AMDGPU(0): 	004a434c4d51533132303530320a011d
[    38.703] (II) AMDGPU(0): 	020327f14b900504030201111213141f
[    38.703] (II) AMDGPU(0): 	230907078301000065030c001000681a
[    38.703] (II) AMDGPU(0): 	00000101284be6023a801871382d4058
[    38.703] (II) AMDGPU(0): 	2c4500132b2100001e662156aa51001e
[    38.703] (II) AMDGPU(0): 	30468f3300132b2100001e011d007251
[    38.703] (II) AMDGPU(0): 	d01e206e285500132b2100001e8c0ad0
[    38.703] (II) AMDGPU(0): 	8a20e02d10103e9600132b2100001800
[    38.703] (II) AMDGPU(0): 	000000000000000000000000000000b7
[    38.704] (II) AMDGPU(0): Printing probed modes for output HDMI-A-0
[    38.704] (II) AMDGPU(0): Modeline "1920x1080"x60.0  148.50  1920 2008 2052 2200  1080 1084 1089 1125 +hsync +vsync (67.5 kHz eP)
[    38.704] (II) AMDGPU(0): Modeline "1920x1080"x50.0  148.50  1920 2448 2492 2640  1080 1084 1089 1125 +hsync +vsync (56.2 kHz e)
[    38.704] (II) AMDGPU(0): Modeline "1920x1080"x59.9  148.35  1920 2008 2052 2200  1080 1084 1089 1125 +hsync +vsync (67.4 kHz e)
[    38.704] (II) AMDGPU(0): Modeline "1600x1200"x60.0  162.00  1600 1664 1856 2160  1200 1201 1204 1250 +hsync +vsync (75.0 kHz e)
[    38.704] (II) AMDGPU(0): Modeline "1680x1050"x59.9  119.00  1680 1728 1760 1840  1050 1053 1059 1080 +hsync -vsync (64.7 kHz e)
[    38.704] (II) AMDGPU(0): Modeline "1280x1024"x75.0  135.00  1280 1296 1440 1688  1024 1025 1028 1066 +hsync +vsync (80.0 kHz e)
[    38.704] (II) AMDGPU(0): Modeline "1280x1024"x60.0  108.00  1280 1328 1440 1688  1024 1025 1028 1066 +hsync +vsync (64.0 kHz e)
[    38.704] (II) AMDGPU(0): Modeline "1440x900"x59.9   88.75  1440 1488 1520 1600  900 903 909 926 +hsync -vsync (55.5 kHz e)
[    38.704] (II) AMDGPU(0): Modeline "1280x960"x60.0  108.00  1280 1376 1488 1800  960 961 964 1000 +hsync +vsync (60.0 kHz e)
[    38.704] (II) AMDGPU(0): Modeline "1366x768"x59.8   85.50  1366 1436 1579 1792  768 771 774 798 +hsync +vsync (47.7 kHz e)
[    38.704] (II) AMDGPU(0): Modeline "1280x800"x60.0  148.50  1280 2008 2052 2200  800 1084 1089 1125 +hsync +vsync (67.5 kHz e)
[    38.704] (II) AMDGPU(0): Modeline "1152x864"x75.0  108.00  1152 1216 1344 1600  864 865 868 900 +hsync +vsync (67.5 kHz e)
[    38.704] (II) AMDGPU(0): Modeline "1280x720"x60.0   74.25  1280 1390 1430 1650  720 725 730 750 +hsync +vsync (45.0 kHz e)
[    38.704] (II) AMDGPU(0): Modeline "1280x720"x50.0   74.25  1280 1720 1760 1980  720 725 730 750 +hsync +vsync (37.5 kHz e)
[    38.704] (II) AMDGPU(0): Modeline "1280x720"x59.9   74.18  1280 1390 1430 1650  720 725 730 750 +hsync +vsync (45.0 kHz e)
[    38.704] (II) AMDGPU(0): Modeline "1024x768"x75.0   78.75  1024 1040 1136 1312  768 769 772 800 +hsync +vsync (60.0 kHz e)
[    38.704] (II) AMDGPU(0): Modeline "1024x768"x70.1   75.00  1024 1048 1184 1328  768 771 777 806 -hsync -vsync (56.5 kHz e)
[    38.704] (II) AMDGPU(0): Modeline "1024x768"x60.0   65.00  1024 1048 1184 1344  768 771 777 806 -hsync -vsync (48.4 kHz e)
[    38.704] (II) AMDGPU(0): Modeline "832x624"x74.6   57.28  832 864 928 1152  624 625 628 667 -hsync -vsync (49.7 kHz e)
[    38.704] (II) AMDGPU(0): Modeline "800x600"x72.2   50.00  800 856 976 1040  600 637 643 666 +hsync +vsync (48.1 kHz e)
[    38.704] (II) AMDGPU(0): Modeline "800x600"x75.0   49.50  800 816 896 1056  600 601 604 625 +hsync +vsync (46.9 kHz e)
[    38.704] (II) AMDGPU(0): Modeline "800x600"x60.3   40.00  800 840 968 1056  600 601 605 628 +hsync +vsync (37.9 kHz e)
[    38.704] (II) AMDGPU(0): Modeline "800x600"x56.2   36.00  800 824 896 1024  600 601 603 625 +hsync +vsync (35.2 kHz e)
[    38.704] (II) AMDGPU(0): Modeline "720x576"x50.0   27.00  720 732 796 864  576 581 586 625 -hsync -vsync (31.2 kHz e)
[    38.704] (II) AMDGPU(0): Modeline "720x480"x60.0   27.03  720 736 798 858  480 489 495 525 -hsync -vsync (31.5 kHz e)
[    38.704] (II) AMDGPU(0): Modeline "720x480"x59.9   27.00  720 736 798 858  480 489 495 525 -hsync -vsync (31.5 kHz e)
[    38.704] (II) AMDGPU(0): Modeline "640x480"x75.0   31.50  640 656 720 840  480 481 484 500 -hsync -vsync (37.5 kHz e)
[    38.704] (II) AMDGPU(0): Modeline "640x480"x72.8   31.50  640 664 704 832  480 489 492 520 -hsync -vsync (37.9 kHz e)
[    38.704] (II) AMDGPU(0): Modeline "640x480"x66.7   30.24  640 704 768 864  480 483 486 525 -hsync -vsync (35.0 kHz e)
[    38.704] (II) AMDGPU(0): Modeline "640x480"x60.0   25.20  640 656 752 800  480 490 492 525 -hsync -vsync (31.5 kHz e)
[    38.704] (II) AMDGPU(0): Modeline "640x480"x59.9   25.18  640 656 752 800  480 490 492 525 -hsync -vsync (31.5 kHz e)
[    38.704] (II) AMDGPU(0): Modeline "720x400"x70.1   28.32  720 738 846 900  400 412 414 449 -hsync +vsync (31.5 kHz e)
[    38.704] (II) AMDGPU(0): EDID for output DisplayPort-0
[    38.704] (II) AMDGPU(0): EDID for output DisplayPort-1
[    38.704] (II) AMDGPU(0): EDID for output DisplayPort-2
[    38.704] (II) AMDGPU(0): EDID for output DVI-D-0
[    38.704] (II) AMDGPU(0): Manufacturer: DEL  Model: 4026  Serial#: 1195455801
[    38.704] (II) AMDGPU(0): Year: 2008  Week: 31
[    38.704] (II) AMDGPU(0): EDID Version: 1.3
[    38.704] (II) AMDGPU(0): Digital Display Input
[    38.704] (II) AMDGPU(0): Max Image Size [cm]: horiz.: 38  vert.: 30
[    38.704] (II) AMDGPU(0): Gamma: 2.20
[    38.704] (II) AMDGPU(0): DPMS capabilities: StandBy Suspend Off
[    38.704] (II) AMDGPU(0): Supported color encodings: RGB 4:4:4 YCrCb 4:4:4 
[    38.704] (II) AMDGPU(0): Default color space is primary color space
[    38.704] (II) AMDGPU(0): First detailed timing is preferred mode
[    38.704] (II) AMDGPU(0): redX: 0.639 redY: 0.342   greenX: 0.297 greenY: 0.615
[    38.704] (II) AMDGPU(0): blueX: 0.146 blueY: 0.068   whiteX: 0.313 whiteY: 0.329
[    38.704] (II) AMDGPU(0): Supported established timings:
[    38.704] (II) AMDGPU(0): 720x400@70Hz
[    38.704] (II) AMDGPU(0): 640x480@60Hz
[    38.704] (II) AMDGPU(0): 640x480@75Hz
[    38.704] (II) AMDGPU(0): 800x600@60Hz
[    38.704] (II) AMDGPU(0): 800x600@75Hz
[    38.704] (II) AMDGPU(0): 1024x768@60Hz
[    38.704] (II) AMDGPU(0): 1024x768@75Hz
[    38.704] (II) AMDGPU(0): 1280x1024@75Hz
[    38.704] (II) AMDGPU(0): Manufacturer's mask: 0
[    38.704] (II) AMDGPU(0): Supported standard timings:
[    38.704] (II) AMDGPU(0): #0: hsize: 1152  vsize 864  refresh: 75  vid: 20337
[    38.704] (II) AMDGPU(0): #1: hsize: 1280  vsize 1024  refresh: 60  vid: 32897
[    38.704] (II) AMDGPU(0): Supported detailed timing:
[    38.704] (II) AMDGPU(0): clock: 108.0 MHz   Image Size:  376 x 301 mm
[    38.704] (II) AMDGPU(0): h_active: 1280  h_sync: 1328  h_sync_end 1440 h_blank_end 1688 h_border: 0
[    38.704] (II) AMDGPU(0): v_active: 1024  v_sync: 1025  v_sync_end 1028 v_blanking: 1066 v_border: 0
[    38.704] (II) AMDGPU(0): Serial No: G434H87VGA59
[    38.704] (II) AMDGPU(0): Monitor name: DELL 1908FP
[    38.704] (II) AMDGPU(0): Ranges: V min: 56 V max: 76 Hz, H min: 30 H max: 81 kHz, PixClock max 145 MHz
[    38.704] (II) AMDGPU(0): EDID (in hex):
[    38.704] (II) AMDGPU(0): 	00ffffffffffff0010ac264039354147
[    38.704] (II) AMDGPU(0): 	1f12010380261e78eea2a5a3574c9d25
[    38.704] (II) AMDGPU(0): 	115054a54b00714f8180010101010101
[    38.704] (II) AMDGPU(0): 	010101010101302a009851002a403070
[    38.704] (II) AMDGPU(0): 	1300782d1100001e000000ff00473433
[    38.704] (II) AMDGPU(0): 	3448383756474135390a000000fc0044
[    38.704] (II) AMDGPU(0): 	454c4c203139303846500a20000000fd
[    38.704] (II) AMDGPU(0): 	00384c1e510e000a2020202020200015
[    38.704] (II) AMDGPU(0): Printing probed modes for output DVI-D-0
[    38.704] (II) AMDGPU(0): Modeline "1280x1024"x60.0  108.00  1280 1328 1440 1688  1024 1025 1028 1066 +hsync +vsync (64.0 kHz eP)
[    38.704] (II) AMDGPU(0): Modeline "1280x1024"x75.0  135.00  1280 1296 1440 1688  1024 1025 1028 1066 +hsync +vsync (80.0 kHz e)
[    38.704] (II) AMDGPU(0): Modeline "1280x800"x60.0  108.00  1280 1328 1440 1688  800 1025 1028 1066 +hsync +vsync (64.0 kHz e)
[    38.704] (II) AMDGPU(0): Modeline "1152x864"x75.0  108.00  1152 1216 1344 1600  864 865 868 900 +hsync +vsync (67.5 kHz e)
[    38.704] (II) AMDGPU(0): Modeline "1280x720"x60.0  108.00  1280 1328 1440 1688  720 1025 1028 1066 +hsync +vsync (64.0 kHz e)
[    38.704] (II) AMDGPU(0): Modeline "1024x768"x75.0   78.75  1024 1040 1136 1312  768 769 772 800 +hsync +vsync (60.0 kHz e)
[    38.704] (II) AMDGPU(0): Modeline "1024x768"x60.0   65.00  1024 1048 1184 1344  768 771 777 806 -hsync -vsync (48.4 kHz e)
[    38.704] (II) AMDGPU(0): Modeline "800x600"x75.0   49.50  800 816 896 1056  600 601 604 625 +hsync +vsync (46.9 kHz e)
[    38.704] (II) AMDGPU(0): Modeline "800x600"x60.3   40.00  800 840 968 1056  600 601 605 628 +hsync +vsync (37.9 kHz e)
[    38.704] (II) AMDGPU(0): Modeline "640x480"x75.0   31.50  640 656 720 840  480 481 484 500 -hsync -vsync (37.5 kHz e)
[    38.704] (II) AMDGPU(0): Modeline "640x480"x59.9   25.18  640 656 752 800  480 490 492 525 -hsync -vsync (31.5 kHz e)
[    38.704] (II) AMDGPU(0): Modeline "720x400"x70.1   28.32  720 738 846 900  400 412 414 449 -hsync +vsync (31.5 kHz e)
[    38.704] (II) AMDGPU(0): Output HDMI-A-0 connected
[    38.704] (II) AMDGPU(0): Output DisplayPort-0 disconnected
[    38.704] (II) AMDGPU(0): Output DisplayPort-1 disconnected
[    38.704] (II) AMDGPU(0): Output DisplayPort-2 disconnected
[    38.704] (II) AMDGPU(0): Output DVI-D-0 connected
[    38.704] (II) AMDGPU(0): Using user preference for initial modes
[    38.704] (II) AMDGPU(0): Output HDMI-A-0 using initial mode 1920x1080 +0+0
[    38.704] (II) AMDGPU(0): Output DVI-D-0 using initial mode 1280x1024 +0+0
[    38.704] (II) AMDGPU(0): mem size init: gart size :1ff972000 vram size: s:1feed7000 visible:f2e7000
[    38.704] (==) AMDGPU(0): DPI set to (96, 96)
[    38.704] (==) AMDGPU(0): Using gamma correction (1.0, 1.0, 1.0)
[    38.704] (II) Loading sub module "ramdac"
[    38.704] (II) LoadModule: "ramdac"
[    38.704] (II) Module "ramdac" already built-in
[    38.704] (II) UnloadModule: "modesetting"
[    38.704] (II) Unloading modesetting
[    38.704] (II) UnloadModule: "vesa"
[    38.704] (II) Unloading vesa
[    38.704] (II) AMDGPU(0): [DRI2] Setup complete
[    38.704] (II) AMDGPU(0): [DRI2]   DRI driver: radeonsi
[    38.704] (II) AMDGPU(0): [DRI2]   VDPAU driver: radeonsi
[    38.705] (II) AMDGPU(0): Front buffer pitch: 13312 bytes
[    38.706] (II) AMDGPU(0): SYNC extension fences enabled
[    38.706] (II) AMDGPU(0): Present extension enabled
[    38.706] (==) AMDGPU(0): DRI3 enabled
[    38.706] (==) AMDGPU(0): Backing store enabled
[    38.706] (II) AMDGPU(0): Direct rendering enabled
[    38.729] (II) AMDGPU(0): Use GLAMOR acceleration.
[    38.729] (II) AMDGPU(0): Acceleration enabled
[    38.729] (==) AMDGPU(0): DPMS enabled
[    38.729] (==) AMDGPU(0): Silken mouse disabled
[    38.729] (II) AMDGPU(0): Set up textured video (glamor)
[    38.753] (II) Initializing extension Generic Event Extension
[    38.753] (II) Initializing extension SHAPE
[    38.753] (II) Initializing extension MIT-SHM
[    38.753] (II) Initializing extension XInputExtension
[    38.753] (II) Initializing extension XTEST
[    38.753] (II) Initializing extension BIG-REQUESTS
[    38.753] (II) Initializing extension SYNC
[    38.753] (II) Initializing extension XKEYBOARD
[    38.753] (II) Initializing extension XC-MISC
[    38.753] (II) Initializing extension SECURITY
[    38.753] (II) Initializing extension XFIXES
[    38.753] (II) Initializing extension RENDER
[    38.753] (II) Initializing extension RANDR
[    38.753] (II) Initializing extension COMPOSITE
[    38.753] (II) Initializing extension DAMAGE
[    38.753] (II) Initializing extension MIT-SCREEN-SAVER
[    38.753] (II) Initializing extension DOUBLE-BUFFER
[    38.753] (II) Initializing extension RECORD
[    38.753] (II) Initializing extension DPMS
[    38.753] (II) Initializing extension Present
[    38.753] (II) Initializing extension DRI3
[    38.753] (II) Initializing extension X-Resource
[    38.753] (II) Initializing extension XVideo
[    38.753] (II) Initializing extension XVideo-MotionCompensation
[    38.753] (II) Initializing extension GLX
[    38.758] (II) AIGLX: Loaded and initialized radeonsi
[    38.758] (II) GLX: Initialized DRI2 GL provider for screen 0
[    38.758] (II) Initializing extension XFree86-VidModeExtension
[    38.758] (II) Initializing extension XFree86-DGA
[    38.758] (II) Initializing extension XFree86-DRI
[    38.758] (II) Initializing extension DRI2
[    38.763] (II) AMDGPU(0): Setting screen physical size to 846 x 285
[    38.900] (II) config/udev: Adding input device Power Button (/dev/input/event1)
[    38.900] (**) Power Button: Applying InputClass "libinput keyboard catchall"
[    38.900] (II) LoadModule: "libinput"
[    38.900] (II) Loading /usr/lib/xorg/modules/input/libinput_drv.so
[    38.904] (II) Module libinput: vendor="X.Org Foundation"
[    38.904] 	compiled for 1.20.7, module version = 0.29.0
[    38.904] 	Module class: X.Org XInput Driver
[    38.904] 	ABI class: X.Org XInput driver, version 24.1
[    38.904] (II) Using input driver 'libinput' for 'Power Button'
[    38.905] (II) systemd-logind: got fd for /dev/input/event1 13:65 fd 19 paused 0
[    38.905] (**) Power Button: always reports core events
[    38.905] (**) Option "Device" "/dev/input/event1"
[    38.906] (**) Option "_source" "server/udev"
[    38.910] (II) event1  - Power Button: is tagged by udev as: Keyboard
[    38.910] (II) event1  - Power Button: device is a keyboard
[    38.911] (II) event1  - Power Button: device removed
[    38.911] (**) Option "config_info" "udev:/sys/devices/LNXSYSTM:00/LNXPWRBN:00/input/input1/event1"
[    38.911] (II) XINPUT: Adding extended input device "Power Button" (type: KEYBOARD, id 6)
[    38.911] (II) event1  - Power Button: is tagged by udev as: Keyboard
[    38.911] (II) event1  - Power Button: device is a keyboard
[    38.911] (II) config/udev: Adding input device Power Button (/dev/input/event0)
[    38.911] (**) Power Button: Applying InputClass "libinput keyboard catchall"
[    38.911] (II) Using input driver 'libinput' for 'Power Button'
[    38.912] (II) systemd-logind: got fd for /dev/input/event0 13:64 fd 22 paused 0
[    38.912] (**) Power Button: always reports core events
[    38.912] (**) Option "Device" "/dev/input/event0"
[    38.912] (**) Option "_source" "server/udev"
[    38.913] (II) event0  - Power Button: is tagged by udev as: Keyboard
[    38.913] (II) event0  - Power Button: device is a keyboard
[    38.913] (II) event0  - Power Button: device removed
[    38.913] (**) Option "config_info" "udev:/sys/devices/LNXSYSTM:00/LNXSYBUS:00/PNP0C0C:00/input/input0/event0"
[    38.913] (II) XINPUT: Adding extended input device "Power Button" (type: KEYBOARD, id 7)
[    38.913] (II) event0  - Power Button: is tagged by udev as: Keyboard
[    38.913] (II) event0  - Power Button: device is a keyboard
[    38.914] (II) config/udev: Adding input device DELL DELL USB Keyboard (/dev/input/event17)
[    38.914] (**) DELL DELL USB Keyboard: Applying InputClass "libinput keyboard catchall"
[    38.914] (II) Using input driver 'libinput' for 'DELL DELL USB Keyboard'
[    38.914] (II) systemd-logind: got fd for /dev/input/event17 13:81 fd 23 paused 0
[    38.915] (**) DELL DELL USB Keyboard: always reports core events
[    38.915] (**) Option "Device" "/dev/input/event17"
[    38.915] (**) Option "_source" "server/udev"
[    38.915] (II) event17 - DELL DELL USB Keyboard: is tagged by udev as: Keyboard
[    38.915] (II) event17 - DELL DELL USB Keyboard: device is a keyboard
[    38.916] (II) event17 - DELL DELL USB Keyboard: device removed
[    38.916] (**) Option "config_info" "udev:/sys/devices/pci0000:00/0000:00:01.3/0000:03:00.0/usb1/1-8/1-8:1.0/0003:413C:2005.0001/input/input17/event17"
[    38.916] (II) XINPUT: Adding extended input device "DELL DELL USB Keyboard" (type: KEYBOARD, id 8)
[    38.917] (II) event17 - DELL DELL USB Keyboard: is tagged by udev as: Keyboard
[    38.917] (II) event17 - DELL DELL USB Keyboard: device is a keyboard
[    38.917] (II) config/udev: Adding input device PixArt Gaming Mouse (/dev/input/event18)
[    38.917] (**) PixArt Gaming Mouse: Applying InputClass "libinput pointer catchall"
[    38.917] (II) Using input driver 'libinput' for 'PixArt Gaming Mouse'
[    38.973] (II) systemd-logind: got fd for /dev/input/event18 13:82 fd 24 paused 0
[    38.973] (**) PixArt Gaming Mouse: always reports core events
[    38.973] (**) Option "Device" "/dev/input/event18"
[    38.973] (**) Option "_source" "server/udev"
[    38.976] (II) event18 - PixArt Gaming Mouse: is tagged by udev as: Mouse
[    38.976] (II) event18 - PixArt Gaming Mouse: device is a pointer
[    38.976] (II) event18 - PixArt Gaming Mouse: device removed
[    38.976] (**) Option "config_info" "udev:/sys/devices/pci0000:00/0000:00:01.3/0000:03:00.0/usb1/1-9/1-9:1.0/0003:093A:2530.0002/input/input18/event18"
[    38.976] (II) XINPUT: Adding extended input device "PixArt Gaming Mouse" (type: MOUSE, id 9)
[    38.976] (**) Option "AccelerationScheme" "none"
[    38.976] (**) PixArt Gaming Mouse: (accel) selected scheme none/0
[    38.976] (**) PixArt Gaming Mouse: (accel) acceleration factor: 2.000
[    38.976] (**) PixArt Gaming Mouse: (accel) acceleration threshold: 4
[    38.979] (II) event18 - PixArt Gaming Mouse: is tagged by udev as: Mouse
[    38.979] (II) event18 - PixArt Gaming Mouse: device is a pointer
[    38.980] (II) config/udev: Adding input device PixArt Gaming Mouse (/dev/input/mouse0)
[    38.980] (II) No input driver specified, ignoring this device.
[    38.980] (II) This device may have been added with another device file.
[    38.981] (II) config/udev: Adding input device HDA ATI HDMI HDMI/DP,pcm=3 (/dev/input/event3)
[    38.981] (II) No input driver specified, ignoring this device.
[    38.981] (II) This device may have been added with another device file.
[    38.982] (II) config/udev: Adding input device HDA ATI HDMI HDMI/DP,pcm=7 (/dev/input/event4)
[    38.982] (II) No input driver specified, ignoring this device.
[    38.982] (II) This device may have been added with another device file.
[    38.983] (II) config/udev: Adding input device HDA ATI HDMI HDMI/DP,pcm=8 (/dev/input/event5)
[    38.983] (II) No input driver specified, ignoring this device.
[    38.983] (II) This device may have been added with another device file.
[    38.983] (II) config/udev: Adding input device HDA ATI HDMI HDMI/DP,pcm=9 (/dev/input/event6)
[    38.983] (II) No input driver specified, ignoring this device.
[    38.983] (II) This device may have been added with another device file.
[    38.984] (II) config/udev: Adding input device HDA ATI HDMI HDMI/DP,pcm=10 (/dev/input/event7)
[    38.984] (II) No input driver specified, ignoring this device.
[    38.984] (II) This device may have been added with another device file.
[    38.984] (II) config/udev: Adding input device HDA ATI HDMI HDMI/DP,pcm=11 (/dev/input/event8)
[    38.984] (II) No input driver specified, ignoring this device.
[    38.984] (II) This device may have been added with another device file.
[    38.985] (II) config/udev: Adding input device HD-Audio Generic Rear Mic (/dev/input/event10)
[    38.985] (II) No input driver specified, ignoring this device.
[    38.985] (II) This device may have been added with another device file.
[    38.985] (II) config/udev: Adding input device HD-Audio Generic Line (/dev/input/event11)
[    38.985] (II) No input driver specified, ignoring this device.
[    38.985] (II) This device may have been added with another device file.
[    38.986] (II) config/udev: Adding input device HD-Audio Generic Line Out Front (/dev/input/event12)
[    38.986] (II) No input driver specified, ignoring this device.
[    38.986] (II) This device may have been added with another device file.
[    38.986] (II) config/udev: Adding input device HD-Audio Generic Line Out Surround (/dev/input/event13)
[    38.986] (II) No input driver specified, ignoring this device.
[    38.986] (II) This device may have been added with another device file.
[    38.987] (II) config/udev: Adding input device HD-Audio Generic Line Out CLFE (/dev/input/event14)
[    38.987] (II) No input driver specified, ignoring this device.
[    38.987] (II) This device may have been added with another device file.
[    38.987] (II) config/udev: Adding input device HD-Audio Generic Line Out Side (/dev/input/event15)
[    38.988] (II) No input driver specified, ignoring this device.
[    38.988] (II) This device may have been added with another device file.
[    38.988] (II) config/udev: Adding input device HD-Audio Generic Front Headphone (/dev/input/event16)
[    38.988] (II) No input driver specified, ignoring this device.
[    38.988] (II) This device may have been added with another device file.
[    38.989] (II) config/udev: Adding input device HD-Audio Generic Front Mic (/dev/input/event9)
[    38.989] (II) No input driver specified, ignoring this device.
[    38.989] (II) This device may have been added with another device file.
[    38.989] (II) config/udev: Adding input device PC Speaker (/dev/input/event2)
[    38.989] (II) No input driver specified, ignoring this device.
[    38.989] (II) This device may have been added with another device file.
[    39.026] (II) AMDGPU(0): EDID vendor "DEL", prod id 16422
[    39.026] (II) AMDGPU(0): Using EDID range info for horizontal sync
[    39.026] (II) AMDGPU(0): Using EDID range info for vertical refresh
[    39.026] (II) AMDGPU(0): Printing DDC gathered Modelines:
[    39.026] (II) AMDGPU(0): Modeline "1280x1024"x0.0  108.00  1280 1328 1440 1688  1024 1025 1028 1066 +hsync +vsync (64.0 kHz eP)
[    39.026] (II) AMDGPU(0): Modeline "800x600"x0.0   40.00  800 840 968 1056  600 601 605 628 +hsync +vsync (37.9 kHz e)
[    39.026] (II) AMDGPU(0): Modeline "640x480"x0.0   31.50  640 656 720 840  480 481 484 500 -hsync -vsync (37.5 kHz e)
[    39.026] (II) AMDGPU(0): Modeline "640x480"x0.0   25.18  640 656 752 800  480 490 492 525 -hsync -vsync (31.5 kHz e)
[    39.026] (II) AMDGPU(0): Modeline "720x400"x0.0   28.32  720 738 846 900  400 412 414 449 -hsync +vsync (31.5 kHz e)
[    39.026] (II) AMDGPU(0): Modeline "1280x1024"x0.0  135.00  1280 1296 1440 1688  1024 1025 1028 1066 +hsync +vsync (80.0 kHz e)
[    39.026] (II) AMDGPU(0): Modeline "1024x768"x0.0   78.75  1024 1040 1136 1312  768 769 772 800 +hsync +vsync (60.0 kHz e)
[    39.026] (II) AMDGPU(0): Modeline "1024x768"x0.0   65.00  1024 1048 1184 1344  768 771 777 806 -hsync -vsync (48.4 kHz e)
[    39.026] (II) AMDGPU(0): Modeline "800x600"x0.0   49.50  800 816 896 1056  600 601 604 625 +hsync +vsync (46.9 kHz e)
[    39.026] (II) AMDGPU(0): Modeline "1152x864"x0.0  108.00  1152 1216 1344 1600  864 865 868 900 +hsync +vsync (67.5 kHz e)
[    39.077] (II) AMDGPU(0): EDID vendor "DEL", prod id 16422
[    39.077] (II) AMDGPU(0): Using hsync ranges from config file
[    39.077] (II) AMDGPU(0): Using vrefresh ranges from config file
[    39.077] (II) AMDGPU(0): Printing DDC gathered Modelines:
[    39.077] (II) AMDGPU(0): Modeline "1280x1024"x0.0  108.00  1280 1328 1440 1688  1024 1025 1028 1066 +hsync +vsync (64.0 kHz eP)
[    39.077] (II) AMDGPU(0): Modeline "800x600"x0.0   40.00  800 840 968 1056  600 601 605 628 +hsync +vsync (37.9 kHz e)
[    39.077] (II) AMDGPU(0): Modeline "640x480"x0.0   31.50  640 656 720 840  480 481 484 500 -hsync -vsync (37.5 kHz e)
[    39.077] (II) AMDGPU(0): Modeline "640x480"x0.0   25.18  640 656 752 800  480 490 492 525 -hsync -vsync (31.5 kHz e)
[    39.077] (II) AMDGPU(0): Modeline "720x400"x0.0   28.32  720 738 846 900  400 412 414 449 -hsync +vsync (31.5 kHz e)
[    39.077] (II) AMDGPU(0): Modeline "1280x1024"x0.0  135.00  1280 1296 1440 1688  1024 1025 1028 1066 +hsync +vsync (80.0 kHz e)
[    39.077] (II) AMDGPU(0): Modeline "1024x768"x0.0   78.75  1024 1040 1136 1312  768 769 772 800 +hsync +vsync (60.0 kHz e)
[    39.077] (II) AMDGPU(0): Modeline "1024x768"x0.0   65.00  1024 1048 1184 1344  768 771 777 806 -hsync -vsync (48.4 kHz e)
[    39.077] (II) AMDGPU(0): Modeline "800x600"x0.0   49.50  800 816 896 1056  600 601 604 625 +hsync +vsync (46.9 kHz e)
[    39.077] (II) AMDGPU(0): Modeline "1152x864"x0.0  108.00  1152 1216 1344 1600  864 865 868 900 +hsync +vsync (67.5 kHz e)
[    39.077] (II) AMDGPU(0): EDID vendor "DEL", prod id 16422
[    39.077] (II) AMDGPU(0): Using hsync ranges from config file
[    39.077] (II) AMDGPU(0): Using vrefresh ranges from config file
[    39.077] (II) AMDGPU(0): Printing DDC gathered Modelines:
[    39.077] (II) AMDGPU(0): Modeline "1280x1024"x0.0  108.00  1280 1328 1440 1688  1024 1025 1028 1066 +hsync +vsync (64.0 kHz eP)
[    39.077] (II) AMDGPU(0): Modeline "800x600"x0.0   40.00  800 840 968 1056  600 601 605 628 +hsync +vsync (37.9 kHz e)
[    39.077] (II) AMDGPU(0): Modeline "640x480"x0.0   31.50  640 656 720 840  480 481 484 500 -hsync -vsync (37.5 kHz e)
[    39.077] (II) AMDGPU(0): Modeline "640x480"x0.0   25.18  640 656 752 800  480 490 492 525 -hsync -vsync (31.5 kHz e)
[    39.077] (II) AMDGPU(0): Modeline "720x400"x0.0   28.32  720 738 846 900  400 412 414 449 -hsync +vsync (31.5 kHz e)
[    39.077] (II) AMDGPU(0): Modeline "1280x1024"x0.0  135.00  1280 1296 1440 1688  1024 1025 1028 1066 +hsync +vsync (80.0 kHz e)
[    39.077] (II) AMDGPU(0): Modeline "1024x768"x0.0   78.75  1024 1040 1136 1312  768 769 772 800 +hsync +vsync (60.0 kHz e)
[    39.077] (II) AMDGPU(0): Modeline "1024x768"x0.0   65.00  1024 1048 1184 1344  768 771 777 806 -hsync -vsync (48.4 kHz e)
[    39.078] (II) AMDGPU(0): Modeline "800x600"x0.0   49.50  800 816 896 1056  600 601 604 625 +hsync +vsync (46.9 kHz e)
[    39.078] (II) AMDGPU(0): Modeline "1152x864"x0.0  108.00  1152 1216 1344 1600  864 865 868 900 +hsync +vsync (67.5 kHz e)
